<?xml version="1.0" encoding="UTF-8"?>
<!-- Generated by org.testng.reporters.JUnitXMLReporter -->
<testsuite ignored="0" hostname="DESKTOP-CU5DURS" failures="0" tests="3" name="TestRunner2" time="111.881" errors="0" timestamp="05 Aug 2022 10:40:50 GMT">
  <testcase classname="com.crm.Organisation.OragnisationInduTypeTest" name="oragnisationInduTypeTest" time="33.34"/>
  <testcase classname="com.crm.Contacts.ToVerifycontactsTest" name="toVerifycontactsTest" time="35.335"/>
  <testcase classname="com.crm.Contacts.ToContactVerifyTest" name="toContactVerifyTest" time="43.154"/>
</testsuite> <!-- TestRunner2 -->
