<?xml version="1.0" encoding="UTF-8"?>
<!-- Generated by org.testng.reporters.JUnitXMLReporter -->
<testsuite ignored="0" hostname="DESKTOP-CU5DURS" failures="0" tests="3" name="TestRunner1" time="112.229" errors="0" timestamp="05 Aug 2022 10:40:51 GMT">
  <testcase classname="com.crm.Organisation.OragnisationInduTypeTest" name="oragnisationInduTypeTest" time="33.948"/>
  <testcase classname="com.crm.Contacts.ToVerifycontactsTest" name="toVerifycontactsTest" time="34.324"/>
  <testcase classname="com.crm.Contacts.ToContactVerifyTest" name="toContactVerifyTest" time="43.914"/>
</testsuite> <!-- TestRunner1 -->
