<?xml version="1.0" encoding="UTF-8"?>
<!-- Generated by org.testng.reporters.JUnitXMLReporter -->
<testsuite ignored="0" hostname="DESKTOP-CU5DURS" failures="0" tests="3" name="Test" time="66.193" errors="0" timestamp="05 Aug 2022 10:34:22 GMT">
  <testcase classname="com.crm.Organisation.OragnisationInduTypeTest" name="oragnisationInduTypeTest" time="21.806"/>
  <testcase classname="com.crm.Contacts.ToVerifycontactsTest" name="toVerifycontactsTest" time="19.863"/>
  <testcase classname="com.crm.Contacts.ToContactVerifyTest" name="toContactVerifyTest" time="24.477"/>
</testsuite> <!-- Test -->
